This is pdfTeX, Version 3.14159265-2.6-1.40.16 (Web2C 2015) (preloaded format=pdflatex 2015.12.17)  31 MAY 2016 12:00
entering extended mode
 restricted \write18 enabled.
 %&-line parsing enabled.
**proj_report_outline.tex
(./proj_report_outline.tex
LaTeX2e <2015/01/01> patch level 2
Babel <3.9l> and hyphenation patterns for 36 languages loaded.
(/usr/pkg/share/texmf-dist/tex/latex/base/report.cls
Document Class: report 2014/09/29 v1.4h Standard LaTeX document class
(/usr/pkg/share/texmf-dist/tex/latex/base/size11.clo
File: size11.clo 2014/09/29 v1.4h Standard LaTeX file (size option)
)
\c@part=\count79
\c@chapter=\count80
\c@section=\count81
\c@subsection=\count82
\c@subsubsection=\count83
\c@paragraph=\count84
\c@subparagraph=\count85
\c@figure=\count86
\c@table=\count87
\abovecaptionskip=\skip41
\belowcaptionskip=\skip42
\bibindent=\dimen102
)
(/usr/pkg/share/texmf-dist/tex/latex/float/float.sty
Package: float 2001/11/08 v1.3d Float enhancements (AL)
\c@float@type=\count88
\float@exts=\toks14
\float@box=\box26
\@float@everytoks=\toks15
\@floatcapt=\box27
)
(/usr/pkg/share/texmf-dist/tex/latex/url/url.sty
\Urlmuskip=\muskip10
Package: url 2013/09/16  ver 3.4  Verb mode for urls, etc.
)
\@float@every@fig=\toks16
\c@fig=\count89
 (./vuwproject.sty
(/usr/pkg/share/texmf-dist/tex/latex/psnfss/mathpazo.sty
Package: mathpazo 2005/04/12 PSNFSS-v9.2a Palatino w/ Pazo Math (D.Puga, WaS) 
\symupright=\mathgroup4
)
VUW Honours reports modifications -- Mar 1995
Modified to handle different degrees 2003
Modified to handle duplex printing properly 2006
\@abstract=\box28
) (./proj_report_outline.aux (./acknowledge.aux) (./introduction.aux)
(./using.aux) (./example.aux) (./conclusion.aux))
\openout1 = `proj_report_outline.aux'.

LaTeX Font Info:    Checking defaults for OML/cmm/m/it on input line 56.
LaTeX Font Info:    ... okay on input line 56.
LaTeX Font Info:    Checking defaults for T1/cmr/m/n on input line 56.
LaTeX Font Info:    ... okay on input line 56.
LaTeX Font Info:    Checking defaults for OT1/cmr/m/n on input line 56.
LaTeX Font Info:    ... okay on input line 56.
LaTeX Font Info:    Checking defaults for OMS/cmsy/m/n on input line 56.
LaTeX Font Info:    ... okay on input line 56.
LaTeX Font Info:    Checking defaults for OMX/cmex/m/n on input line 56.
LaTeX Font Info:    ... okay on input line 56.
LaTeX Font Info:    Checking defaults for U/cmr/m/n on input line 56.
LaTeX Font Info:    ... okay on input line 56.
LaTeX Font Info:    Try loading font information for OT1+ppl on input line 56.

(/usr/pkg/share/texmf-dist/tex/latex/psnfss/ot1ppl.fd
File: ot1ppl.fd 2001/06/04 font definitions for OT1/ppl.
)
\big@size=\dimen103
LaTeX Font Info:    Try loading font information for OML+zplm on input line 73.


(/usr/pkg/share/texmf-dist/tex/latex/psnfss/omlzplm.fd
File: omlzplm.fd 2002/09/08 Fontinst v1.914 font definitions for OML/zplm.
)
LaTeX Font Info:    Try loading font information for OMS+zplm on input line 73.


(/usr/pkg/share/texmf-dist/tex/latex/psnfss/omszplm.fd
File: omszplm.fd 2002/09/08 Fontinst v1.914 font definitions for OMS/zplm.
)
LaTeX Font Info:    Try loading font information for OMX+zplm on input line 73.


(/usr/pkg/share/texmf-dist/tex/latex/psnfss/omxzplm.fd
File: omxzplm.fd 2002/09/08 Fontinst v1.914 font definitions for OMX/zplm.
)
LaTeX Font Info:    Try loading font information for OT1+zplm on input line 73.


(/usr/pkg/share/texmf-dist/tex/latex/psnfss/ot1zplm.fd
File: ot1zplm.fd 2002/09/08 Fontinst v1.914 font definitions for OT1/zplm.
)
LaTeX Font Info:    Font shape `OT1/ppl/bx/n' in size <17.28> not available
(Font)              Font shape `OT1/ppl/b/n' tried instead on input line 73.
LaTeX Font Info:    Font shape `OT1/ppl/bx/n' in size <10.95> not available
(Font)              Font shape `OT1/ppl/b/n' tried instead on input line 73.
 [-1

{/var/lib/texmf/fonts/map/pdftex/updmap/pdftex.map}] [0]
\openout2 = `acknowledge.aux'.

 (./acknowledge.tex
LaTeX Font Info:    Font shape `OT1/ppl/bx/n' in size <24.88> not available
(Font)              Font shape `OT1/ppl/b/n' tried instead on input line 1.
) [1



] [2


]
(./proj_report_outline.toc
LaTeX Font Info:    Font shape `OT1/cmtt/bx/n' in size <10.95> not available
(Font)              Font shape `OT1/cmtt/m/n' tried instead on input line 2.
LaTeX Font Info:    Font shape `OT1/ppl/bx/n' in size <8> not available
(Font)              Font shape `OT1/ppl/b/n' tried instead on input line 5.
)
\tf@toc=\write3
\openout3 = `proj_report_outline.toc'.

 [3] [4

] (./proj_report_outline.lof)
\tf@lof=\write4
\openout4 = `proj_report_outline.lof'.

 [5] [6

]
\openout2 = `introduction.aux'.


(./introduction.tex
Chapter 1.
LaTeX Font Info:    Font shape `OT1/ppl/bx/n' in size <20.74> not available
(Font)              Font shape `OT1/ppl/b/n' tried instead on input line 1.
) [1


]
\openout2 = `using.aux'.

 (./using.tex [2



]
Chapter 2.
LaTeX Font Info:    Font shape `OT1/cmtt/bx/n' in size <24.88> not available
(Font)              Font shape `OT1/cmtt/m/n' tried instead on input line 6.
LaTeX Font Info:    Try loading font information for OMS+ppl on input line 21.
(/usr/pkg/share/texmf-dist/tex/latex/psnfss/omsppl.fd
File: omsppl.fd 
)
LaTeX Font Info:    Font shape `OMS/ppl/m/n' in size <10.95> not available
(Font)              Font shape `OMS/cmsy/m/n' tried instead on input line 21.
LaTeX Font Info:    Font shape `OT1/ppl/bx/n' in size <12> not available
(Font)              Font shape `OT1/ppl/b/n' tried instead on input line 30.
 [3]
LaTeX Font Info:    Font shape `OT1/ppl/bx/n' in size <14.4> not available
(Font)              Font shape `OT1/ppl/b/n' tried instead on input line 98.
) [4] [5]
\openout2 = `example.aux'.


(./example.tex [6



]
Chapter 3.

Underfull \vbox (badness 1478) has occurred while \output is active []

 [7]
LaTeX Font Info:    Font shape `OT1/ppl/bx/n' in size <10> not available
(Font)              Font shape `OT1/ppl/b/n' tried instead on input line 13.

[8]) [9]
\openout2 = `conclusion.aux'.

 (./conclusion.tex [10



]
Chapter 4.
) [11] [12


] (./proj_report_outline.bbl) [13

] (./proj_report_outline.aux
(./acknowledge.aux) (./introduction.aux) (./using.aux) (./example.aux)
(./conclusion.aux)) ) 
Here is how much of TeX's memory you used:
 732 strings out of 493889
 9084 string characters out of 6158402
 62825 words of memory out of 5000000
 3999 multiletter control sequences out of 15000+600000
 40613 words of font info for 103 fonts, out of 8000000 for 9000
 774 hyphenation exceptions out of 8191
 25i,11n,21p,3052b,275s stack positions out of 5000i,500n,10000p,200000b,80000s
{/usr/pkg/share/texmf-dist/fonts/enc/dvips/base/8r.enc}</u
sr/pkg/share/texmf-dist/fonts/type1/public/amsfonts/cm/cmss10.pfb></usr/pkg/sha
re/texmf-dist/fonts/type1/public/amsfonts/cm/cmsy10.pfb></usr/pkg/share/texmf-d
ist/fonts/type1/public/amsfonts/cm/cmtt10.pfb></usr/pkg/share/texmf-dist/fonts/
type1/public/amsfonts/cm/cmtt12.pfb></usr/pkg/share/texmf-dist/fonts/type1/publ
ic/mathpazo/fplmr.pfb></usr/pkg/share/texmf-dist/fonts/type1/public/mathpazo/fp
lmri.pfb></usr/pkg/share/texmf-dist/fonts/type1/urw/palatino/uplb8a.pfb></usr/p
kg/share/texmf-dist/fonts/type1/urw/palatino/uplr8a.pfb></usr/pkg/share/texmf-d
ist/fonts/type1/urw/palatino/uplri8a.pfb></usr/pkg/share/texmf-dist/fonts/type1
/vuw/vuw20.pfb>
Output written on proj_report_outline.pdf (21 pages, 126754 bytes).
PDF statistics:
 113 PDF objects out of 1000 (max. 8388607)
 79 compressed objects within 1 object stream
 0 named destinations out of 1000 (max. 500000)
 1 words of extra memory for PDF output out of 10000 (max. 10000000)

